<?xml version="1.0" encoding="UTF-8"?>
<!-- Generated by org.testng.reporters.JUnitReportReporter -->
<testsuite hostname="Ankit-LEGION" failures="0" tests="3" name="TestNG.prioritytesting" time="0.003" errors="0" timestamp="2024-02-26T14:10:15 IST" skipped="0">
  <testcase classname="TestNG.prioritytesting" name="testcase1" time="0.001"/>
  <system-out/>
  <testcase classname="TestNG.prioritytesting" name="testcase3" time="0.001"/>
  <system-out/>
  <testcase classname="TestNG.prioritytesting" name="testcase2" time="0.001"/>
  <system-out/>
</testsuite> <!-- TestNG.prioritytesting -->
