<?xml version="1.0" encoding="UTF-8"?>
<!-- Generated by org.testng.reporters.JUnitReportReporter -->
<testsuite hostname="Ankit-LEGION" failures="0" tests="4" name="TestNG.Annotationseg" time="0.015" errors="0" timestamp="2024-02-27T10:56:44 IST" skipped="0">
  <testcase classname="TestNG.Annotationseg" name="testcase3" time="0.003"/>
  <system-out/>
  <testcase classname="TestNG.Annotationseg" name="testcase2" time="0.003"/>
  <system-out/>
  <testcase classname="TestNG.Annotationseg" name="testcase4" time="0.002"/>
  <system-out/>
  <testcase classname="TestNG.Annotationseg" name="testcase1" time="0.007"/>
  <system-out/>
</testsuite> <!-- TestNG.Annotationseg -->
