<?xml version="1.0" encoding="UTF-8"?>
<!-- Generated by org.testng.reporters.JUnitReportReporter -->
<testsuite hostname="Ankit-LEGION" failures="0" tests="1" name="TestNG.softassert" time="5.060" errors="0" timestamp="2024-02-26T16:05:40 IST" skipped="0">
  <testcase classname="TestNG.softassert" name="testassert" time="5.060"/>
  <system-out/>
</testsuite> <!-- TestNG.softassert -->
