<?xml version="1.0" encoding="UTF-8"?>
<!-- Generated by org.testng.reporters.JUnitReportReporter -->
<testsuite hostname="Ankit-LEGION" failures="0" tests="1" name="TestNG.Axis.testClass" time="0.002" errors="0" timestamp="2024-02-26T14:10:15 IST" skipped="0">
  <testcase classname="TestNG.Axis.testClass" name="test" time="0.002"/>
  <system-out/>
</testsuite> <!-- TestNG.Axis.testClass -->
