<?xml version="1.0" encoding="UTF-8"?>
<!-- Generated by org.testng.reporters.JUnitReportReporter -->
<testsuite hostname="Ankit-LEGION" failures="0" tests="1" name="TestNG.invokeedge" time="6.111" errors="0" timestamp="2024-02-27T11:43:34 IST" skipped="0">
  <testcase classname="TestNG.invokeedge" name="invokeegede" time="6.111"/>
  <system-out/>
</testsuite> <!-- TestNG.invokeedge -->
