<?xml version="1.0" encoding="UTF-8"?>
<!-- Generated by org.testng.reporters.JUnitReportReporter -->
<testsuite hostname="Ankit-LEGION" failures="0" tests="1" name="TestNG.NewTest" time="0.008" errors="0" timestamp="2024-02-26T14:10:15 IST" skipped="0">
  <testcase classname="TestNG.NewTest" name="f" time="0.008"/>
  <system-out/>
</testsuite> <!-- TestNG.NewTest -->
