<?xml version="1.0" encoding="UTF-8"?>
<!-- Generated by org.testng.reporters.JUnitReportReporter -->
<testsuite hostname="Ankit-LEGION" failures="0" tests="1" name="TestNG.paralleTesting" time="3.252" errors="0" timestamp="2024-02-26T15:36:28 IST" skipped="0">
  <testcase classname="TestNG.paralleTesting" name="parameterizedtest" time="3.252"/>
  <system-out/>
</testsuite> <!-- TestNG.paralleTesting -->
