<?xml version="1.0" encoding="UTF-8"?>
<!-- Generated by org.testng.reporters.JUnitReportReporter -->
<testsuite hostname="Ankit-LEGION" failures="0" tests="4" name="TestNG.grouping" time="0.010" errors="0" timestamp="2024-02-27T09:44:12 IST" skipped="0">
  <testcase classname="TestNG.grouping" name="AddtoCart" time="0.007"/>
  <system-out/>
  <testcase classname="TestNG.grouping" name="login" time="0.001"/>
  <system-out/>
  <testcase classname="TestNG.grouping" name="product" time="0.000"/>
  <system-out/>
  <testcase classname="TestNG.grouping" name="payment" time="0.002"/>
  <system-out/>
</testsuite> <!-- TestNG.grouping -->
