<?xml version="1.0" encoding="UTF-8"?>
<!-- Generated by org.testng.reporters.JUnitReportReporter -->
<testsuite hostname="Ankit-LEGION" failures="0" tests="3" name="TestNG.dependsOnMethod" time="0.012" errors="0" timestamp="2024-02-26T14:15:06 IST" skipped="0">
  <testcase classname="TestNG.dependsOnMethod" name="testcase1" time="0.009"/>
  <system-out/>
  <testcase classname="TestNG.dependsOnMethod" name="testcase3" time="0.002"/>
  <system-out/>
  <testcase classname="TestNG.dependsOnMethod" name="testcase2" time="0.001"/>
  <system-out/>
</testsuite> <!-- TestNG.dependsOnMethod -->
