<?xml version="1.0" encoding="UTF-8"?>
<!-- Generated by org.testng.reporters.JUnitReportReporter -->
<testsuite hostname="Ankit-LEGION" failures="0" tests="1" name="TestNG.ListnerTestClass" time="2.553" errors="0" timestamp="2024-02-27T11:43:34 IST" skipped="0">
  <testcase classname="TestNG.ListnerTestClass" name="invokechrome" time="2.553"/>
  <system-out/>
</testsuite> <!-- TestNG.ListnerTestClass -->
